Arguments: 
  /Users/jeffreyarts/.nvm/versions/node/v14.15.5/bin/node /usr/local/Cellar/yarn/1.22.10/libexec/bin/yarn.js add getUserLocale

PATH: 
  /usr/local/opt/ruby/bin:/usr/local/lib/ruby/gems/2.6.0/bin:/usr/local/opt/ruby/bin:/usr/local/lib/ruby/gems/2.4.0/bin:/Users/jeffreyarts/.nvm/versions/node/v14.15.5/bin:/usr/local/bin:/usr/bin:/bin:/usr/sbin:/sbin:/opt/X11/bin:/Library/Frameworks/Mono.framework/Versions/Current/Commands:/usr/local/Cellar/graphicsmagick/1.3.31/bin/

Yarn version: 
  1.22.10

Node version: 
  14.15.5

Platform: 
  darwin x64

Trace: 
  Error: https://registry.npmjs.org/getUserLocale: Not found
      at Request.params.callback [as _callback] (/usr/local/Cellar/yarn/1.22.10/libexec/lib/cli.js:66988:18)
      at Request.self.callback (/usr/local/Cellar/yarn/1.22.10/libexec/lib/cli.js:140749:22)
      at Request.emit (events.js:315:20)
      at Request.<anonymous> (/usr/local/Cellar/yarn/1.22.10/libexec/lib/cli.js:141721:10)
      at Request.emit (events.js:315:20)
      at IncomingMessage.<anonymous> (/usr/local/Cellar/yarn/1.22.10/libexec/lib/cli.js:141643:12)
      at Object.onceWrapper (events.js:421:28)
      at IncomingMessage.emit (events.js:327:22)
      at endReadableNT (internal/streams/readable.js:1327:12)
      at processTicksAndRejections (internal/process/task_queues.js:80:21)

npm manifest: 
  {
      "name": "covid-star",
      "version": "0.0.0",
      "scripts": {
          "dev": "vite",
          "build": "vite build",
          "serve": "vite preview"
      },
      "dependencies": {
          "html-ratio-component": "^1.0.2",
          "lodash": "^4.17.21",
          "seedrandom": "^3.0.5",
          "three": "^0.128.0",
          "three-csg-ts": "^3.1.0",
          "threejs-export-stl": "^0.0.4",
          "visual-pattern-generator": "^1.2.3",
          "vue": "^3.2.13",
          "vue-router": "4"
      },
      "devDependencies": {
          "@vitejs/plugin-vue": "^1.9.0",
          "sass": "^1.34.1",
          "vite": "^2.5.10"
      }
  }

yarn manifest: 
  No manifest

Lockfile: 
  No lockfile
